<?xml version="1.0" encoding="UTF-8"?>
<!-- Generated by org.testng.reporters.JUnitXMLReporter -->
<testsuite ignored="0" hostname="swaroop-HP-Notebook" failures="1" tests="2" name="RunCuke" time="10.061" errors="0" timestamp="12 Apr 2023 09:03:18 GMT">
  <testcase classname="io.cucumber.testng.AbstractTestNGCucumberTests" name="runScenario" time="7.073"/>
  <testcase classname="io.cucumber.testng.AbstractTestNGCucumberTests" name="runScenario" time="2.41">
    <failure type="java.lang.AssertionError" message="expected [300] but found [200]">
      <![CDATA[java.lang.AssertionError: expected [300] but found [200]
at com.swa.APITestingFramework.cuke.steps.PayPalSteps.i_verify_the_status_code_as(PayPalSteps.java:44)
at âœ½.I verify the status code as "300"(file:src/test/resources/features/getorder.feature:7)
... Removed 6 stack frames]]>
    </failure>
  </testcase> <!-- runScenario -->
</testsuite> <!-- RunCuke -->
