<?xml version="1.0" encoding="UTF-8"?>
<!-- Generated by org.testng.reporters.JUnitReportReporter -->
<testsuite hostname="swaroop-HP-Notebook" failures="1" tests="2" name="com.swa.APITestingFramework.cuke.runner.RunCuke" time="9.483" errors="0" timestamp="12 Apr 2023 09:03:18 GMT" skipped="0">
  <testcase classname="com.swa.APITestingFramework.cuke.runner.RunCuke" name="runScenario" time="7.073"/>
  <testcase classname="com.swa.APITestingFramework.cuke.runner.RunCuke" name="runScenario" time="2.410">
    <failure message="expected [300] but found [200]" type="java.lang.AssertionError">
      <![CDATA[java.lang.AssertionError: expected [300] but found [200]
at org.testng.Assert.fail(Assert.java:96)
at org.testng.Assert.failNotEquals(Assert.java:776)
at org.testng.Assert.assertEqualsImpl(Assert.java:137)
at org.testng.Assert.assertEquals(Assert.java:118)
at org.testng.Assert.assertEquals(Assert.java:652)
at org.testng.Assert.assertEquals(Assert.java:662)
at com.swa.APITestingFramework.cuke.steps.PayPalSteps.i_verify_the_status_code_as(PayPalSteps.java:44)
at âœ½.I verify the status code as "300"(file:src/test/resources/features/getorder.feature:7)
]]>
    </failure>
  </testcase> <!-- runScenario -->
</testsuite> <!-- com.swa.APITestingFramework.cuke.runner.RunCuke -->
